#-----------------------------------------------------------
# Vivado v2020.1 (64-bit)
# SW Build 2902540 on Wed May 27 19:54:49 MDT 2020
# IP Build 2902112 on Wed May 27 22:43:36 MDT 2020
# Start of session at: Wed Mar 10 15:55:13 2021
# Process ID: 13156
# Current directory: D:/Mac array 161120/cosine_sim_crosssection_4_080321/project_1
# Command line: vivado.exe -gui_launcher_event rodinguilauncherevent8816 D:\Mac array 161120\cosine_sim_crosssection_4_080321\project_1\project_1.xpr
# Log file: D:/Mac array 161120/cosine_sim_crosssection_4_080321/project_1/vivado.log
# Journal file: D:/Mac array 161120/cosine_sim_crosssection_4_080321/project_1\vivado.jou
#-----------------------------------------------------------
start_gui
open_project {D:/Mac array 161120/cosine_sim_crosssection_4_080321/project_1/project_1.xpr}
Scanning sources...
Finished scanning sources
INFO: [IP_Flow 19-234] Refreshing IP repositories
INFO: [IP_Flow 19-1704] No user IP repositories specified
INFO: [IP_Flow 19-2313] Loaded Vivado IP repository 'C:/xilinx/Vivado/2020.1/data/ip'.
open_project: Time (s): cpu = 00:00:31 ; elapsed = 00:00:12 . Memory (MB): peak = 1067.816 ; gain = 0.000
exit
INFO: [Common 17-206] Exiting Vivado at Wed Mar 10 15:56:32 2021...
